Message(properties={u'action': u'sent', u'vendor': u'redhat', u'message-id': u'redhat:redhat:1', u'opcode': u'log'})
Message(properties={u'action': u'sent', u'vendor': u'redhat', u'message-id': u'redhat:vmware:2', u'opcode': u'log'})
Message(properties={u'action': u'sent', u'vendor': u'redhat', u'message-id': u'redhat:inetco:3', u'opcode': u'log'})
Message(properties={u'action': u'received', u'vendor': u'redhat', u'message-vendor': u'redhat', u'message-id': u'redhat:inetco:3', u'opcode': u'log'})
Message(properties={u'action': u'sent', u'vendor': u'redhat', u'message-id': u'redhat:apache:4', u'opcode': u'log'})
Message(properties={u'action': u'received', u'vendor': u'redhat', u'message-vendor': u'redhat', u'message-id': u'redhat:redhat:1', u'opcode': u'log'})
Message(properties={u'action': u'received', u'vendor': u'redhat', u'message-vendor': u'redhat', u'message-id': u'redhat:apache:4', u'opcode': u'log'})
Message(properties={u'action': u'sent', u'vendor': u'redhat', u'message-id': u'redhat:swiftmq:5', u'opcode': u'log'})
Message(properties={u'action': u'sent', u'vendor': u'redhat', u'message-id': u'redhat:microsoft:6', u'opcode': u'log'})
Message(properties={u'action': u'received', u'vendor': u'redhat', u'message-vendor': u'redhat', u'message-id': u'redhat:microsoft:6', u'opcode': u'log'})
Message(properties={u'action': u'received', u'vendor': u'redhat', u'message-vendor': u'redhat', u'message-id': u'redhat:vmware:2', u'opcode': u'log'})
Message(properties={u'action': u'sent', u'vendor': u'swiftmq', u'message-id': u'swiftmq:microsoft:18', u'opcode': u'log'})
Message(properties={u'action': u'received', u'vendor': u'redhat', u'message-vendor': u'swiftmq', u'message-id': u'swiftmq:microsoft:18', u'opcode': u'log'})
Message(properties={u'action': u'sent', u'opcode': u'log', u'message-vendor': u'inetco', u'message-id': u'inetco:redhat:19', u'vendor': u'inetco'})
Message(properties={u'action': u'sent', u'opcode': u'log', u'message-vendor': u'inetco', u'message-id': u'inetco:vmware:20', u'vendor': u'inetco'})
Message(properties={u'action': u'sent', u'opcode': u'log', u'message-vendor': u'inetco', u'message-id': u'inetco:inetco:21', u'vendor': u'inetco'})
Message(properties={u'action': u'sent', u'opcode': u'log', u'message-vendor': u'inetco', u'message-id': u'inetco:apache:22', u'vendor': u'inetco'})
Message(properties={u'action': u'sent', u'opcode': u'log', u'message-vendor': u'inetco', u'message-id': u'inetco:swiftmq:23', u'vendor': u'inetco'})
Message(properties={u'action': u'sent', u'opcode': u'log', u'message-vendor': u'inetco', u'message-id': u'inetco:microsoft:24', u'vendor': u'inetco'})
Message(properties={u'action': u'received', u'vendor': u'redhat', u'message-vendor': u'redhat', u'message-id': u'redhat:swiftmq:5', u'opcode': u'log'})
Message(properties={u'action': u'received', u'vendor': u'redhat', u'message-vendor': u'inetco', u'message-id': u'inetco:inetco:21', u'opcode': u'log'})
Message(properties={u'action': u'received', u'vendor': u'redhat', u'message-vendor': u'microsoft', u'message-id': u'microsoft:inetco:27', u'opcode': u'log'})
Message(properties={u'action': u'received', u'vendor': u'redhat', u'message-vendor': u'inetco', u'message-id': u'inetco:apache:22', u'opcode': u'log'})
Message(properties={u'action': u'received', u'vendor': u'redhat', u'message-vendor': u'microsoft', u'message-id': u'microsoft:apache:28', u'opcode': u'log'})
Message(properties={u'action': u'received', u'vendor': u'redhat', u'message-vendor': u'inetco', u'message-id': u'inetco:vmware:20', u'opcode': u'log'})
Message(properties={u'action': u'received', u'vendor': u'redhat', u'message-vendor': u'inetco', u'message-id': u'inetco:microsoft:24', u'opcode': u'log'})
Message(properties={u'action': u'received', u'vendor': u'redhat', u'message-vendor': u'inetco', u'message-id': u'inetco:swiftmq:23', u'opcode': u'log'})
Message(properties={u'action': u'received', u'vendor': u'redhat', u'message-vendor': u'microsoft', u'message-id': u'microsoft:vmware:26', u'opcode': u'log'})
Message(properties={u'action': u'sent', u'opcode': u'log', u'message-vendor': u'microsoft', u'message-id': u'microsoft:inetco:27', u'vendor': u'microsoft'}, content=u'AMQP-microsoft:inetco:27')
Message(properties={u'action': u'sent', u'opcode': u'log', u'message-vendor': u'microsoft', u'message-id': u'microsoft:apache:28', u'vendor': u'microsoft'}, content=u'AMQP-microsoft:apache:28')
Message(properties={u'action': u'sent', u'opcode': u'log', u'message-vendor': u'microsoft', u'message-id': u'microsoft:vmware:26', u'vendor': u'microsoft'}, content=u'AMQP-microsoft:vmware:26')
Message(properties={u'action': u'sent', u'opcode': u'log', u'message-vendor': u'microsoft', u'message-id': u'microsoft:swiftmq:29', u'vendor': u'microsoft'}, content=u'AMQP-microsoft:swiftmq:29')
Message(properties={u'action': u'sent', u'vendor': u'swiftmq', u'message-vendor': u'swiftmq', u'message-id': u'swiftmq:redhat:13', u'opcode': u'log'}, durable=True, priority=5, first_acquirer=True, message_id=u'-7392920026101925575/1/3', to=u'control')
Message(properties={u'action': u'received', u'vendor': u'redhat', u'message-vendor': u'microsoft', u'message-id': u'microsoft:swiftmq:29', u'opcode': u'log'})
Message(properties={u'action': u'received', u'vendor': u'redhat', u'message-vendor': u'inetco', u'message-id': u'inetco:redhat:19', u'opcode': u'log'})
Message(properties={u'action': u'received', u'vendor': u'redhat', u'message-vendor': u'swiftmq', u'message-id': u'swiftmq:redhat:13', u'opcode': u'log'})
Message(properties={u'action': u'received', u'vendor': u'redhat', u'message-vendor': u'microsoft', u'message-id': u'microsoft:redhat:25', u'opcode': u'log'})
Message(properties={u'action': u'sent', u'vendor': u'redhat', u'message-id': u'redhat:redhat:31', u'opcode': u'log'})
Message(properties={u'action': u'sent', u'vendor': u'redhat', u'message-id': u'redhat:vmware:32', u'opcode': u'log'})
Message(properties={u'action': u'sent', u'vendor': u'redhat', u'message-id': u'redhat:inetco:33', u'opcode': u'log'})
Message(properties={u'action': u'sent', u'vendor': u'redhat', u'message-id': u'redhat:apache:34', u'opcode': u'log'})
Message(properties={u'action': u'sent', u'vendor': u'redhat', u'message-id': u'redhat:swiftmq:35', u'opcode': u'log'})
Message(properties={u'action': u'sent', u'vendor': u'redhat', u'message-id': u'redhat:microsoft:36', u'opcode': u'log'})
Message(properties={u'action': u'received', u'vendor': u'apache', u'message-vendor': u'redhat', u'message-id': u'redhat:microsoft:36', u'opcode': u'log'})
Message(properties={u'action': u'sent', u'opcode': u'log', u'message-vendor': u'microsoft', u'message-id': u'microsoft:microsoft:30', u'vendor': u'microsoft'}, content=u'AMQP-microsoft:microsoft:30')
Message(properties={u'action': u'received', u'vendor': u'redhat', u'message-vendor': u'microsoft', u'message-id': u'microsoft:microsoft:30', u'opcode': u'log'})
Message(properties={u'action': u'sent', u'opcode': u'log', u'message-vendor': u'microsoft', u'message-id': u'microsoft:redhat:25', u'vendor': u'microsoft'}, content=u'AMQP-microsoft:redhat:25')
Message(properties={u'action': u'sent', u'vendor': u'apache', u'message-vendor': u'apache', u'message-id': u'apache:redhat:7', u'opcode': u'log'}, content=u'AMQP-apache:redhat:7')
Message(properties={u'action': u'sent', u'vendor': u'apache', u'message-vendor': u'apache', u'message-id': u'apache:vmware:8', u'opcode': u'log'}, content=u'AMQP-apache:vmware:8')
Message(properties={u'action': u'sent', u'vendor': u'apache', u'message-vendor': u'apache', u'message-id': u'apache:inetco:9', u'opcode': u'log'}, content=u'AMQP-apache:inetco:9')
Message(properties={u'action': u'sent', u'vendor': u'apache', u'message-vendor': u'apache', u'message-id': u'apache:apache:10', u'opcode': u'log'}, content=u'AMQP-apache:apache:10')
Message(properties={u'action': u'sent', u'vendor': u'apache', u'message-vendor': u'apache', u'message-id': u'apache:swiftmq:11', u'opcode': u'log'}, content=u'AMQP-apache:swiftmq:11')
Message(properties={u'action': u'sent', u'vendor': u'apache', u'message-vendor': u'apache', u'message-id': u'apache:microsoft:12', u'opcode': u'log'}, content=u'AMQP-apache:microsoft:12')
Message(properties={u'action': u'sent', u'vendor': u'apache', u'message-vendor': u'apache', u'message-id': u'apache:redhat:37', u'opcode': u'log'}, content=u'AMQP-apache:redhat:37')
Message(properties={u'action': u'sent', u'vendor': u'apache', u'message-vendor': u'apache', u'message-id': u'apache:vmware:38', u'opcode': u'log'}, content=u'AMQP-apache:vmware:38')
Message(properties={u'action': u'sent', u'vendor': u'apache', u'message-vendor': u'apache', u'message-id': u'apache:inetco:39', u'opcode': u'log'}, content=u'AMQP-apache:inetco:39')
Message(properties={u'action': u'received', u'vendor': u'apache', u'message-vendor': u'redhat', u'message-id': u'redhat:inetco:33', u'opcode': u'log'}, content=u'AMQP-redhat:inetco:33')
Message(properties={u'action': u'received', u'vendor': u'apache', u'message-vendor': u'redhat', u'message-id': u'redhat:swiftmq:35', u'opcode': u'log'}, content=u'AMQP-redhat:swiftmq:35')
Message(properties={u'action': u'received', u'vendor': u'apache', u'message-vendor': u'redhat', u'message-id': u'redhat:vmware:32', u'opcode': u'log'}, content=u'AMQP-redhat:vmware:32')
Message(properties={u'action': u'received', u'vendor': u'apache', u'message-vendor': u'redhat', u'message-id': u'redhat:apache:34', u'opcode': u'log'}, content=u'AMQP-redhat:apache:34')
Message(properties={u'action': u'received', u'vendor': u'apache', u'message-vendor': u'apache', u'message-id': u'apache:inetco:39', u'opcode': u'log'}, content=u'AMQP-apache:inetco:39')
Message(properties={u'action': u'received', u'vendor': u'redhat', u'message-vendor': u'apache', u'message-id': u'apache:inetco:9', u'opcode': u'log'})
Message(properties={u'action': u'received', u'vendor': u'redhat', u'message-vendor': u'apache', u'message-id': u'apache:apache:10', u'opcode': u'log'})
Message(properties={u'action': u'received', u'vendor': u'redhat', u'message-vendor': u'apache', u'message-id': u'apache:vmware:8', u'opcode': u'log'})
Message(properties={u'action': u'received', u'vendor': u'redhat', u'message-vendor': u'apache', u'message-id': u'apache:swiftmq:11', u'opcode': u'log'})
Message(properties={u'action': u'received', u'vendor': u'redhat', u'message-vendor': u'apache', u'message-id': u'apache:microsoft:12', u'opcode': u'log'})
Message(properties={u'action': u'sent', u'opcode': u'log', u'message-vendor': u'inetco', u'message-id': u'inetco:redhat:49', u'vendor': u'inetco'})
Message(properties={u'action': u'sent', u'opcode': u'log', u'message-vendor': u'inetco', u'message-id': u'inetco:vmware:50', u'vendor': u'inetco'})
Message(properties={u'action': u'sent', u'opcode': u'log', u'message-vendor': u'inetco', u'message-id': u'inetco:inetco:51', u'vendor': u'inetco'})
Message(properties={u'action': u'sent', u'opcode': u'log', u'message-vendor': u'inetco', u'message-id': u'inetco:apache:52', u'vendor': u'inetco'})
Message(properties={u'action': u'sent', u'opcode': u'log', u'message-vendor': u'inetco', u'message-id': u'inetco:swiftmq:53', u'vendor': u'inetco'})
Message(properties={u'action': u'sent', u'opcode': u'log', u'message-vendor': u'inetco', u'message-id': u'inetco:microsoft:54', u'vendor': u'inetco'})
Message(properties={u'action': u'sent', u'vendor': u'swiftmq', u'message-vendor': u'swiftmq', u'message-id': u'swiftmq:vmware:14', u'opcode': u'log'}, durable=True, priority=5, first_acquirer=True, message_id=u'-7392920026101925575/1/4', to=u'control')
Message(properties={u'action': u'received', u'vendor': u'redhat', u'message-vendor': u'swiftmq', u'message-id': u'swiftmq:vmware:14', u'opcode': u'log'})
Message(properties={u'action': u'received', u'vendor': u'redhat', u'message-vendor': u'apache', u'message-id': u'apache:redhat:7', u'opcode': u'log'})
Message(properties={u'action': u'sent', u'vendor': u'swiftmq', u'message-vendor': u'swiftmq', u'message-id': u'swiftmq:inetco:15', u'opcode': u'log'}, durable=True, priority=5, first_acquirer=True, message_id=u'-7392920026101925575/1/5', to=u'control')
Message(properties={u'action': u'sent', u'vendor': u'apache', u'message-vendor': u'apache', u'message-id': u'apache:apache:40', u'opcode': u'log'}, content=u'AMQP-apache:apache:40')
Message(properties={u'action': u'sent', u'vendor': u'apache', u'message-vendor': u'apache', u'message-id': u'apache:swiftmq:41', u'opcode': u'log'}, content=u'AMQP-apache:swiftmq:41')
Message(properties={u'action': u'sent', u'vendor': u'apache', u'message-vendor': u'apache', u'message-id': u'apache:microsoft:42', u'opcode': u'log'}, content=u'AMQP-apache:microsoft:42')
Message(properties={u'action': u'received', u'vendor': u'apache', u'message-vendor': u'apache', u'message-id': u'apache:microsoft:42', u'opcode': u'log'})
Message(properties={u'action': u'sent', u'vendor': u'swiftmq', u'message-id': u'swiftmq:redhat:43', u'opcode': u'log'})
Message(properties={u'action': u'received', u'vendor': u'apache', u'message-vendor': u'swiftmq', u'message-id': u'swiftmq:redhat:43', u'opcode': u'log'})
Message(properties={u'action': u'sent', u'vendor': u'swiftmq', u'message-id': u'swiftmq:vmware:44', u'opcode': u'log'})
Message(properties={u'action': u'received', u'vendor': u'apache', u'message-vendor': u'swiftmq', u'message-id': u'swiftmq:vmware:44', u'opcode': u'log'})
Message(properties={u'action': u'sent', u'vendor': u'swiftmq', u'message-id': u'swiftmq:inetco:45', u'opcode': u'log'})
Message(properties={u'action': u'received', u'vendor': u'apache', u'message-vendor': u'swiftmq', u'message-id': u'swiftmq:inetco:45', u'opcode': u'log'})
Message(properties={u'action': u'sent', u'vendor': u'swiftmq', u'message-id': u'swiftmq:apache:46', u'opcode': u'log'})
Message(properties={u'action': u'received', u'vendor': u'apache', u'message-vendor': u'swiftmq', u'message-id': u'swiftmq:apache:46', u'opcode': u'log'})
Message(properties={u'action': u'sent', u'vendor': u'swiftmq', u'message-id': u'swiftmq:swiftmq:47', u'opcode': u'log'})
Message(properties={u'action': u'received', u'vendor': u'apache', u'message-vendor': u'swiftmq', u'message-id': u'swiftmq:swiftmq:47', u'opcode': u'log'})
Message(properties={u'action': u'sent', u'vendor': u'swiftmq', u'message-id': u'swiftmq:microsoft:48', u'opcode': u'log'})
Message(properties={u'action': u'received', u'vendor': u'apache', u'message-vendor': u'swiftmq', u'message-id': u'swiftmq:microsoft:48', u'opcode': u'log'})
Message(properties={u'action': u'received', u'vendor': u'apache', u'message-vendor': u'inetco', u'message-id': u'inetco:microsoft:54', u'opcode': u'log'}, content=u'AMQP-inetco:microsoft:54')
Message(properties={u'action': u'received', u'vendor': u'apache', u'message-vendor': u'apache', u'message-id': u'apache:redhat:37', u'opcode': u'log'}, content=u'AMQP-apache:redhat:37')
Message(properties={u'action': u'received', u'vendor': u'apache', u'message-vendor': u'inetco', u'message-id': u'inetco:inetco:51', u'opcode': u'log'}, content=u'AMQP-inetco:inetco:51')
Message(properties={u'action': u'received', u'vendor': u'apache', u'message-vendor': u'inetco', u'message-id': u'inetco:swiftmq:53', u'opcode': u'log'}, content=u'AMQP-inetco:swiftmq:53')
Message(properties={u'action': u'received', u'vendor': u'apache', u'message-vendor': u'apache', u'message-id': u'apache:vmware:38', u'opcode': u'log'}, content=u'AMQP-apache:vmware:38')
Message(properties={u'action': u'received', u'vendor': u'apache', u'message-vendor': u'inetco', u'message-id': u'inetco:apache:52', u'opcode': u'log'}, content=u'AMQP-inetco:apache:52')
Message(properties={u'action': u'received', u'vendor': u'apache', u'message-vendor': u'redhat', u'message-id': u'redhat:redhat:31', u'opcode': u'log'}, content=u'AMQP-redhat:redhat:31')
Message(properties={u'action': u'received', u'vendor': u'apache', u'message-vendor': u'microsoft', u'message-id': u'microsoft:inetco:57', u'opcode': u'log'}, content=u'AMQP-microsoft:inetco:57')
Message(properties={u'action': u'received', u'vendor': u'apache', u'message-vendor': u'microsoft', u'message-id': u'microsoft:swiftmq:59', u'opcode': u'log'}, content=u'AMQP-microsoft:swiftmq:59')
Message(properties={u'action': u'received', u'vendor': u'redhat', u'message-vendor': u'swiftmq', u'message-id': u'swiftmq:inetco:15', u'opcode': u'log'})
Message(properties={u'action': u'sent', u'opcode': u'log', u'message-vendor': u'microsoft', u'message-id': u'microsoft:inetco:57', u'vendor': u'microsoft'}, content=u'AMQP-microsoft:inetco:57')
Message(properties={u'action': u'sent', u'opcode': u'log', u'message-vendor': u'microsoft', u'message-id': u'microsoft:vmware:56', u'vendor': u'microsoft'}, content=u'AMQP-microsoft:vmware:56')
Message(properties={u'action': u'sent', u'opcode': u'log', u'message-vendor': u'microsoft', u'message-id': u'microsoft:microsoft:60', u'vendor': u'microsoft'}, content=u'AMQP-microsoft:microsoft:60')
Message(properties={u'action': u'sent', u'opcode': u'log', u'message-vendor': u'microsoft', u'message-id': u'microsoft:swiftmq:59', u'vendor': u'microsoft'}, content=u'AMQP-microsoft:swiftmq:59')
Message(properties={u'action': u'sent', u'opcode': u'log', u'message-vendor': u'microsoft', u'message-id': u'microsoft:redhat:55', u'vendor': u'microsoft'}, content=u'AMQP-microsoft:redhat:55')
Message(properties={u'action': u'received', u'vendor': u'apache', u'message-vendor': u'inetco', u'message-id': u'inetco:vmware:50', u'opcode': u'log'}, content=u'AMQP-inetco:vmware:50')
Message(properties={u'action': u'received', u'vendor': u'apache', u'message-vendor': u'microsoft', u'message-id': u'microsoft:apache:58', u'opcode': u'log'}, content=u'AMQP-microsoft:apache:58')
Message(properties={u'action': u'received', u'vendor': u'apache', u'message-vendor': u'inetco', u'message-id': u'inetco:redhat:49', u'opcode': u'log'}, content=u'AMQP-inetco:redhat:49')
Message(properties={u'action': u'received', u'vendor': u'apache', u'message-vendor': u'apache', u'message-id': u'apache:swiftmq:41', u'opcode': u'log'}, content=u'AMQP-apache:swiftmq:41')
Message(properties={u'action': u'received', u'vendor': u'apache', u'message-vendor': u'microsoft', u'message-id': u'microsoft:vmware:56', u'opcode': u'log'}, content=u'AMQP-microsoft:vmware:56')
Message(properties={u'action': u'received', u'vendor': u'apache', u'message-vendor': u'apache', u'message-id': u'apache:apache:40', u'opcode': u'log'}, content=u'AMQP-apache:apache:40')
Message(properties={u'action': u'received', u'vendor': u'apache', u'message-vendor': u'microsoft', u'message-id': u'microsoft:redhat:55', u'opcode': u'log'}, content=u'AMQP-microsoft:redhat:55')
Message(properties={u'action': u'sent', u'opcode': u'log', u'message-vendor': u'microsoft', u'message-id': u'microsoft:apache:58', u'vendor': u'microsoft'}, content=u'AMQP-microsoft:apache:58')
Message(properties={u'action': u'sent', u'vendor': u'swiftmq', u'message-vendor': u'swiftmq', u'message-id': u'swiftmq:apache:16', u'opcode': u'log'}, durable=True, priority=5, first_acquirer=True, message_id=u'-7392920026101925575/1/6', to=u'control')
Message(properties={u'action': u'received', u'vendor': u'redhat', u'message-vendor': u'swiftmq', u'message-id': u'swiftmq:apache:16', u'opcode': u'log'})
Message(properties={u'action': u'sent', u'vendor': u'redhat', u'message-id': u'redhat:redhat:61', u'opcode': u'log'})
Message(properties={u'action': u'sent', u'vendor': u'redhat', u'message-id': u'redhat:vmware:62', u'opcode': u'log'})
Message(properties={u'action': u'sent', u'vendor': u'redhat', u'message-id': u'redhat:inetco:63', u'opcode': u'log'})
Message(properties={u'action': u'sent', u'vendor': u'redhat', u'message-id': u'redhat:apache:64', u'opcode': u'log'})
Message(properties={u'action': u'sent', u'vendor': u'redhat', u'message-id': u'redhat:swiftmq:65', u'opcode': u'log'})
Message(properties={u'action': u'sent', u'vendor': u'redhat', u'message-id': u'redhat:microsoft:66', u'opcode': u'log'})
Message(properties={u'action': u'received', u'vendor': u'swiftmq', u'message-vendor': u'redhat', u'message-id': u'redhat:inetco:63', u'opcode': u'log'}, durable=True, priority=5, first_acquirer=True, message_id=u'-7392920026101925575/1/7', to=u'control')
Message(properties={u'action': u'received', u'vendor': u'redhat', u'message-vendor': u'swiftmq', u'message-id': u'swiftmq:swiftmq:17', u'opcode': u'log'})
Message(properties={u'action': u'sent', u'vendor': u'apache', u'message-vendor': u'apache', u'message-id': u'apache:redhat:67', u'opcode': u'log'}, content=u'AMQP-apache:redhat:67')
Message(properties={u'action': u'sent', u'vendor': u'apache', u'message-vendor': u'apache', u'message-id': u'apache:vmware:68', u'opcode': u'log'}, content=u'AMQP-apache:vmware:68')
Message(properties={u'action': u'sent', u'vendor': u'apache', u'message-vendor': u'apache', u'message-id': u'apache:inetco:69', u'opcode': u'log'}, content=u'AMQP-apache:inetco:69')
Message(properties={u'action': u'received', u'vendor': u'swiftmq', u'message-vendor': u'apache', u'message-id': u'apache:inetco:69', u'opcode': u'log'}, durable=True, priority=5, first_acquirer=True, message_id=u'-7392920026101925575/1/8', to=u'control')
Message(properties={u'action': u'sent', u'vendor': u'apache', u'message-vendor': u'apache', u'message-id': u'apache:apache:70', u'opcode': u'log'}, content=u'AMQP-apache:apache:70')
Message(properties={u'action': u'sent', u'vendor': u'apache', u'message-vendor': u'apache', u'message-id': u'apache:swiftmq:71', u'opcode': u'log'}, content=u'AMQP-apache:swiftmq:71')
Message(properties={u'action': u'sent', u'vendor': u'apache', u'message-vendor': u'apache', u'message-id': u'apache:microsoft:72', u'opcode': u'log'}, content=u'AMQP-apache:microsoft:72')
Message(properties={u'action': u'received', u'vendor': u'apache', u'message-vendor': u'microsoft', u'message-id': u'microsoft:microsoft:60', u'opcode': u'log'}, content=u'AMQP-microsoft:microsoft:60')
Message(properties={u'action': u'sent', u'vendor': u'swiftmq', u'message-id': u'swiftmq:redhat:73', u'opcode': u'log'})
Message(properties={u'action': u'received', u'vendor': u'swiftmq', u'message-vendor': u'swiftmq', u'message-id': u'swiftmq:redhat:73', u'opcode': u'log'})
Message(properties={u'action': u'sent', u'vendor': u'swiftmq', u'message-id': u'swiftmq:vmware:74', u'opcode': u'log'})
Message(properties={u'action': u'received', u'vendor': u'swiftmq', u'message-vendor': u'swiftmq', u'message-id': u'swiftmq:vmware:74', u'opcode': u'log'})
Message(properties={u'action': u'sent', u'vendor': u'swiftmq', u'message-id': u'swiftmq:inetco:75', u'opcode': u'log'})
Message(properties={u'action': u'received', u'vendor': u'swiftmq', u'message-vendor': u'swiftmq', u'message-id': u'swiftmq:inetco:75', u'opcode': u'log'})
Message(properties={u'action': u'sent', u'vendor': u'swiftmq', u'message-id': u'swiftmq:apache:76', u'opcode': u'log'})
Message(properties={u'action': u'received', u'vendor': u'swiftmq', u'message-vendor': u'swiftmq', u'message-id': u'swiftmq:apache:76', u'opcode': u'log'})
Message(properties={u'action': u'sent', u'vendor': u'swiftmq', u'message-id': u'swiftmq:swiftmq:77', u'opcode': u'log'})
Message(properties={u'action': u'received', u'vendor': u'swiftmq', u'message-vendor': u'swiftmq', u'message-id': u'swiftmq:swiftmq:77', u'opcode': u'log'})
Message(properties={u'action': u'sent', u'vendor': u'swiftmq', u'message-id': u'swiftmq:microsoft:78', u'opcode': u'log'})
Message(properties={u'action': u'received', u'vendor': u'swiftmq', u'message-vendor': u'swiftmq', u'message-id': u'swiftmq:microsoft:78', u'opcode': u'log'})
Message(properties={u'action': u'sent', u'opcode': u'log', u'message-vendor': u'inetco', u'message-id': u'inetco:redhat:79', u'vendor': u'inetco'})
Message(properties={u'action': u'sent', u'opcode': u'log', u'message-vendor': u'inetco', u'message-id': u'inetco:vmware:80', u'vendor': u'inetco'})
Message(properties={u'action': u'received', u'vendor': u'swiftmq', u'message-vendor': u'redhat', u'message-id': u'redhat:redhat:61', u'opcode': u'log'}, durable=True, priority=5, first_acquirer=True, message_id=u'-7392920026101925575/1/9', to=u'control')
Message(properties={u'action': u'sent', u'opcode': u'log', u'message-vendor': u'inetco', u'message-id': u'inetco:inetco:81', u'vendor': u'inetco'})
Message(properties={u'action': u'sent', u'opcode': u'log', u'message-vendor': u'inetco', u'message-id': u'inetco:apache:82', u'vendor': u'inetco'})
Message(properties={u'action': u'sent', u'opcode': u'log', u'message-vendor': u'inetco', u'message-id': u'inetco:swiftmq:83', u'vendor': u'inetco'})
Message(properties={u'action': u'sent', u'opcode': u'log', u'message-vendor': u'inetco', u'message-id': u'inetco:microsoft:84', u'vendor': u'inetco'})
Message(properties={u'action': u'sent', u'opcode': u'log', u'message-vendor': u'microsoft', u'message-id': u'microsoft:inetco:87', u'vendor': u'microsoft'}, content=u'AMQP-microsoft:inetco:87')
Message(properties={u'action': u'sent', u'opcode': u'log', u'message-vendor': u'microsoft', u'message-id': u'microsoft:apache:88', u'vendor': u'microsoft'}, content=u'AMQP-microsoft:apache:88')
Message(properties={u'action': u'sent', u'opcode': u'log', u'message-vendor': u'microsoft', u'message-id': u'microsoft:vmware:86', u'vendor': u'microsoft'}, content=u'AMQP-microsoft:vmware:86')
Message(properties={u'action': u'sent', u'opcode': u'log', u'message-vendor': u'microsoft', u'message-id': u'microsoft:microsoft:90', u'vendor': u'microsoft'}, content=u'AMQP-microsoft:microsoft:90')
Message(properties={u'action': u'sent', u'opcode': u'log', u'message-vendor': u'microsoft', u'message-id': u'microsoft:swiftmq:89', u'vendor': u'microsoft'}, content=u'AMQP-microsoft:swiftmq:89')
Message(properties={u'action': u'received', u'vendor': u'swiftmq', u'message-vendor': u'redhat', u'message-id': u'redhat:microsoft:66', u'opcode': u'log'}, durable=True, priority=5, first_acquirer=True, message_id=u'-7392920026101925575/1/10', to=u'control')
Message(properties={u'action': u'sent', u'opcode': u'log', u'message-vendor': u'microsoft', u'message-id': u'microsoft:redhat:85', u'vendor': u'microsoft'}, content=u'AMQP-microsoft:redhat:85')
Message(properties={u'action': u'received', u'vendor': u'swiftmq', u'message-vendor': u'redhat', u'message-id': u'redhat:swiftmq:65', u'opcode': u'log'}, durable=True, priority=5, first_acquirer=True, message_id=u'-7392920026101925575/1/11', to=u'control')
Message(properties={u'action': u'sent', u'vendor': u'redhat', u'message-id': u'redhat:redhat:91', u'opcode': u'log'})
Message(properties={u'action': u'sent', u'vendor': u'redhat', u'message-id': u'redhat:vmware:92', u'opcode': u'log'})
Message(properties={u'action': u'sent', u'vendor': u'redhat', u'message-id': u'redhat:inetco:93', u'opcode': u'log'})
Message(properties={u'action': u'sent', u'vendor': u'redhat', u'message-id': u'redhat:apache:94', u'opcode': u'log'})
Message(properties={u'action': u'sent', u'vendor': u'redhat', u'message-id': u'redhat:swiftmq:95', u'opcode': u'log'})
Message(properties={u'action': u'sent', u'vendor': u'redhat', u'message-id': u'redhat:microsoft:96', u'opcode': u'log'})
Message(properties={u'action': u'sent', u'vendor': u'swiftmq', u'message-id': u'swiftmq:redhat:103', u'opcode': u'log'})
Message(properties={u'action': u'received', u'vendor': u'inetco', u'message-vendor': u'swiftmq', u'message-id': u'swiftmq:redhat:103', u'opcode': u'log'})
Message(properties={u'action': u'sent', u'vendor': u'swiftmq', u'message-id': u'swiftmq:vmware:104', u'opcode': u'log'})
Message(properties={u'action': u'received', u'vendor': u'inetco', u'message-vendor': u'swiftmq', u'message-id': u'swiftmq:vmware:104', u'opcode': u'log'})
Message(properties={u'action': u'sent', u'vendor': u'swiftmq', u'message-id': u'swiftmq:inetco:105', u'opcode': u'log'})
Message(properties={u'action': u'received', u'vendor': u'inetco', u'message-vendor': u'swiftmq', u'message-id': u'swiftmq:inetco:105', u'opcode': u'log'})
Message(properties={u'action': u'sent', u'vendor': u'swiftmq', u'message-id': u'swiftmq:apache:106', u'opcode': u'log'})
Message(properties={u'action': u'received', u'vendor': u'inetco', u'message-vendor': u'swiftmq', u'message-id': u'swiftmq:apache:106', u'opcode': u'log'})
Message(properties={u'action': u'sent', u'vendor': u'swiftmq', u'message-id': u'swiftmq:swiftmq:107', u'opcode': u'log'})
Message(properties={u'action': u'received', u'vendor': u'inetco', u'message-vendor': u'swiftmq', u'message-id': u'swiftmq:swiftmq:107', u'opcode': u'log'})
Message(properties={u'action': u'sent', u'vendor': u'swiftmq', u'message-id': u'swiftmq:microsoft:108', u'opcode': u'log'})
Message(properties={u'action': u'received', u'vendor': u'inetco', u'message-vendor': u'swiftmq', u'message-id': u'swiftmq:microsoft:108', u'opcode': u'log'})
Message(properties={u'action': u'sent', u'opcode': u'log', u'message-vendor': u'inetco', u'message-id': u'inetco:redhat:109', u'vendor': u'inetco'})
Message(properties={u'action': u'received', u'opcode': u'log', u'message-vendor': u'redhat', u'message-id': u'redhat:inetco:93', u'vendor': u'inetco'})
Message(properties={u'action': u'received', u'opcode': u'log', u'message-vendor': u'redhat', u'message-id': u'redhat:apache:94', u'vendor': u'inetco'})
Message(properties={u'action': u'sent', u'opcode': u'log', u'message-vendor': u'inetco', u'message-id': u'inetco:vmware:110', u'vendor': u'inetco'})
Message(properties={u'action': u'received', u'opcode': u'log', u'message-vendor': u'redhat', u'message-id': u'redhat:vmware:92', u'vendor': u'inetco'})
Message(properties={u'action': u'received', u'opcode': u'log', u'message-vendor': u'redhat', u'message-id': u'redhat:swiftmq:95', u'vendor': u'inetco'})
Message(properties={u'action': u'received', u'opcode': u'log', u'message-vendor': u'inetco', u'message-id': u'inetco:vmware:110', u'vendor': u'inetco'})
Message(properties={u'action': u'received', u'opcode': u'log', u'message-vendor': u'redhat', u'message-id': u'redhat:microsoft:96', u'vendor': u'inetco'})
Message(properties={u'action': u'sent', u'vendor': u'swiftmq', u'message-vendor': u'swiftmq', u'message-id': u'swiftmq:swiftmq:17', u'opcode': u'log'}, durable=True, priority=5, first_acquirer=True, message_id=u'-7392920026101925575/1/12', to=u'control')
Message(properties={u'action': u'received', u'opcode': u'log', u'message-vendor': u'redhat', u'message-id': u'redhat:redhat:91', u'vendor': u'inetco'})
Message(properties={u'action': u'received', u'opcode': u'log', u'message-vendor': u'inetco', u'message-id': u'inetco:redhat:109', u'vendor': u'inetco'})
Message(properties={u'action': u'sent', u'opcode': u'log', u'message-vendor': u'inetco', u'message-id': u'inetco:inetco:111', u'vendor': u'inetco'})
Message(properties={u'action': u'sent', u'opcode': u'log', u'message-vendor': u'inetco', u'message-id': u'inetco:apache:112', u'vendor': u'inetco'})
Message(properties={u'action': u'sent', u'opcode': u'log', u'message-vendor': u'inetco', u'message-id': u'inetco:swiftmq:113', u'vendor': u'inetco'})
Message(properties={u'action': u'sent', u'opcode': u'log', u'message-vendor': u'inetco', u'message-id': u'inetco:microsoft:114', u'vendor': u'inetco'})
Message(properties={u'action': u'received', u'opcode': u'log', u'message-vendor': u'inetco', u'message-id': u'inetco:inetco:111', u'vendor': u'inetco'})
Message(properties={u'action': u'received', u'opcode': u'log', u'message-vendor': u'microsoft', u'message-id': u'microsoft:inetco:117', u'vendor': u'inetco'})
Message(properties={u'action': u'received', u'opcode': u'log', u'message-vendor': u'inetco', u'message-id': u'inetco:apache:112', u'vendor': u'inetco'})
Message(properties={u'action': u'received', u'opcode': u'log', u'message-vendor': u'microsoft', u'message-id': u'microsoft:redhat:115', u'vendor': u'inetco'})
Message(properties={u'action': u'received', u'opcode': u'log', u'message-vendor': u'microsoft', u'message-id': u'microsoft:apache:118', u'vendor': u'inetco'})
Message(properties={u'action': u'received', u'opcode': u'log', u'message-vendor': u'inetco', u'message-id': u'inetco:swiftmq:113', u'vendor': u'inetco'})
Message(properties={u'action': u'received', u'opcode': u'log', u'message-vendor': u'microsoft', u'message-id': u'microsoft:vmware:116', u'vendor': u'inetco'})
Message(properties={u'action': u'received', u'opcode': u'log', u'message-vendor': u'microsoft', u'message-id': u'microsoft:swiftmq:119', u'vendor': u'inetco'})
Message(properties={u'action': u'sent', u'opcode': u'log', u'message-vendor': u'microsoft', u'message-id': u'microsoft:inetco:117', u'vendor': u'microsoft'}, content=u'AMQP-microsoft:inetco:117')
Message(properties={u'action': u'sent', u'opcode': u'log', u'message-vendor': u'microsoft', u'message-id': u'microsoft:apache:118', u'vendor': u'microsoft'}, content=u'AMQP-microsoft:apache:118')
Message(properties={u'action': u'sent', u'opcode': u'log', u'message-vendor': u'microsoft', u'message-id': u'microsoft:redhat:115', u'vendor': u'microsoft'}, content=u'AMQP-microsoft:redhat:115')
Message(properties={u'action': u'sent', u'opcode': u'log', u'message-vendor': u'microsoft', u'message-id': u'microsoft:vmware:116', u'vendor': u'microsoft'}, content=u'AMQP-microsoft:vmware:116')
Message(properties={u'action': u'sent', u'opcode': u'log', u'message-vendor': u'microsoft', u'message-id': u'microsoft:swiftmq:119', u'vendor': u'microsoft'}, content=u'AMQP-microsoft:swiftmq:119')
Message(properties={u'action': u'received', u'opcode': u'log', u'message-vendor': u'redhat', u'message-id': u'redhat:inetco:123', u'vendor': u'microsoft'}, content=u'AMQP-redhat:inetco:123')
Message(properties={u'action': u'sent', u'vendor': u'apache', u'message-vendor': u'apache', u'message-id': u'apache:redhat:97', u'opcode': u'log'}, content=u'AMQP-apache:redhat:97')
Message(properties={u'action': u'sent', u'vendor': u'apache', u'message-vendor': u'apache', u'message-id': u'apache:vmware:98', u'opcode': u'log'}, content=u'AMQP-apache:vmware:98')
Message(properties={u'action': u'sent', u'vendor': u'apache', u'message-vendor': u'apache', u'message-id': u'apache:inetco:99', u'opcode': u'log'}, content=u'AMQP-apache:inetco:99')
Message(properties={u'action': u'sent', u'vendor': u'apache', u'message-vendor': u'apache', u'message-id': u'apache:apache:100', u'opcode': u'log'}, content=u'AMQP-apache:apache:100')
Message(properties={u'action': u'sent', u'vendor': u'apache', u'message-vendor': u'apache', u'message-id': u'apache:swiftmq:101', u'opcode': u'log'}, content=u'AMQP-apache:swiftmq:101')
Message(properties={u'action': u'sent', u'vendor': u'apache', u'message-vendor': u'apache', u'message-id': u'apache:microsoft:102', u'opcode': u'log'}, content=u'AMQP-apache:microsoft:102')
Message(properties={u'action': u'sent', u'vendor': u'redhat', u'message-id': u'redhat:redhat:121', u'opcode': u'log'})
Message(properties={u'action': u'sent', u'vendor': u'redhat', u'message-id': u'redhat:vmware:122', u'opcode': u'log'})
Message(properties={u'action': u'sent', u'vendor': u'redhat', u'message-id': u'redhat:inetco:123', u'opcode': u'log'})
Message(properties={u'action': u'sent', u'vendor': u'redhat', u'message-id': u'redhat:apache:124', u'opcode': u'log'})
Message(properties={u'action': u'sent', u'vendor': u'redhat', u'message-id': u'redhat:swiftmq:125', u'opcode': u'log'})
Message(properties={u'action': u'sent', u'vendor': u'redhat', u'message-id': u'redhat:microsoft:126', u'opcode': u'log'})
Message(properties={u'action': u'received', u'opcode': u'log', u'message-vendor': u'apache', u'message-id': u'apache:inetco:99', u'vendor': u'inetco'})
Message(properties={u'action': u'received', u'opcode': u'log', u'message-vendor': u'apache', u'message-id': u'apache:apache:100', u'vendor': u'inetco'})
Message(properties={u'action': u'received', u'opcode': u'log', u'message-vendor': u'apache', u'message-id': u'apache:vmware:98', u'vendor': u'inetco'})
Message(properties={u'action': u'received', u'opcode': u'log', u'message-vendor': u'apache', u'message-id': u'apache:swiftmq:101', u'vendor': u'inetco'})
Message(properties={u'action': u'received', u'vendor': u'swiftmq', u'message-vendor': u'redhat', u'message-id': u'redhat:vmware:62', u'opcode': u'log'}, durable=True, priority=5, first_acquirer=True, message_id=u'-7392920026101925575/1/13', to=u'control')
Message(properties={u'action': u'received', u'opcode': u'log', u'message-vendor': u'redhat', u'message-id': u'redhat:vmware:122', u'vendor': u'microsoft'}, content=u'AMQP-redhat:vmware:122')
Message(properties={u'action': u'received', u'opcode': u'log', u'message-vendor': u'redhat', u'message-id': u'redhat:apache:124', u'vendor': u'microsoft'}, content=u'AMQP-redhat:apache:124')
Message(properties={u'action': u'received', u'opcode': u'log', u'message-vendor': u'redhat', u'message-id': u'redhat:microsoft:126', u'vendor': u'microsoft'}, content=u'AMQP-redhat:microsoft:126')
Message(properties={u'action': u'received', u'opcode': u'log', u'message-vendor': u'redhat', u'message-id': u'redhat:swiftmq:125', u'vendor': u'microsoft'}, content=u'AMQP-redhat:swiftmq:125')
Message(properties={u'action': u'sent', u'opcode': u'log', u'message-vendor': u'microsoft', u'message-id': u'microsoft:microsoft:120', u'vendor': u'microsoft'}, content=u'AMQP-microsoft:microsoft:120')
Message(properties={u'action': u'received', u'opcode': u'log', u'message-vendor': u'redhat', u'message-id': u'redhat:redhat:121', u'vendor': u'microsoft'}, content=u'AMQP-redhat:redhat:121')
Message(properties={u'action': u'received', u'opcode': u'log', u'message-vendor': u'inetco', u'message-id': u'inetco:inetco:141', u'vendor': u'microsoft'})
Message(properties={u'action': u'received', u'opcode': u'log', u'message-vendor': u'inetco', u'message-id': u'inetco:vmware:140', u'vendor': u'microsoft'}, content='')
Message(properties={u'action': u'received', u'opcode': u'log', u'message-vendor': u'microsoft', u'message-id': u'microsoft:microsoft:120', u'vendor': u'inetco'})
Message(properties={u'action': u'received', u'opcode': u'log', u'message-vendor': u'apache', u'message-id': u'apache:redhat:97', u'vendor': u'inetco'})
Message(properties={u'action': u'sent', u'vendor': u'swiftmq', u'message-id': u'swiftmq:redhat:133', u'opcode': u'log'})
Message(properties={u'action': u'received', u'vendor': u'microsoft', u'message-vendor': u'swiftmq', u'message-id': u'swiftmq:redhat:133', u'opcode': u'log'})
Message(properties={u'action': u'sent', u'vendor': u'swiftmq', u'message-id': u'swiftmq:vmware:134', u'opcode': u'log'})
Message(properties={u'action': u'received', u'vendor': u'microsoft', u'message-vendor': u'swiftmq', u'message-id': u'swiftmq:vmware:134', u'opcode': u'log'})
Message(properties={u'action': u'sent', u'vendor': u'swiftmq', u'message-id': u'swiftmq:inetco:135', u'opcode': u'log'})
Message(properties={u'action': u'received', u'vendor': u'microsoft', u'message-vendor': u'swiftmq', u'message-id': u'swiftmq:inetco:135', u'opcode': u'log'})
Message(properties={u'action': u'sent', u'vendor': u'swiftmq', u'message-id': u'swiftmq:apache:136', u'opcode': u'log'})
Message(properties={u'action': u'received', u'vendor': u'microsoft', u'message-vendor': u'swiftmq', u'message-id': u'swiftmq:apache:136', u'opcode': u'log'})
Message(properties={u'action': u'sent', u'vendor': u'swiftmq', u'message-id': u'swiftmq:swiftmq:137', u'opcode': u'log'})
Message(properties={u'action': u'received', u'vendor': u'microsoft', u'message-vendor': u'swiftmq', u'message-id': u'swiftmq:swiftmq:137', u'opcode': u'log'})
Message(properties={u'action': u'sent', u'vendor': u'swiftmq', u'message-id': u'swiftmq:microsoft:138', u'opcode': u'log'})
Message(properties={u'action': u'received', u'vendor': u'microsoft', u'message-vendor': u'swiftmq', u'message-id': u'swiftmq:microsoft:138', u'opcode': u'log'})
Message(properties={u'action': u'sent', u'opcode': u'log', u'message-vendor': u'inetco', u'message-id': u'inetco:redhat:139', u'vendor': u'inetco'})
Message(properties={u'action': u'sent', u'opcode': u'log', u'message-vendor': u'inetco', u'message-id': u'inetco:vmware:140', u'vendor': u'inetco'})
Message(properties={u'action': u'sent', u'opcode': u'log', u'message-vendor': u'inetco', u'message-id': u'inetco:inetco:141', u'vendor': u'inetco'})
Message(properties={u'action': u'received', u'opcode': u'log', u'message-vendor': u'inetco', u'message-id': u'inetco:microsoft:114', u'vendor': u'inetco'})
Message(properties={u'action': u'received', u'opcode': u'log', u'message-vendor': u'apache', u'message-id': u'apache:microsoft:102', u'vendor': u'inetco'})
Message(properties={u'action': u'sent', u'opcode': u'log', u'message-vendor': u'inetco', u'message-id': u'inetco:apache:142', u'vendor': u'inetco'})
Message(properties={u'action': u'sent', u'opcode': u'log', u'message-vendor': u'inetco', u'message-id': u'inetco:swiftmq:143', u'vendor': u'inetco'})
Message(properties={u'action': u'sent', u'opcode': u'log', u'message-vendor': u'inetco', u'message-id': u'inetco:microsoft:144', u'vendor': u'inetco'})
Message(properties={u'action': u'sent', u'vendor': u'apache', u'message-vendor': u'apache', u'message-id': u'apache:redhat:127', u'opcode': u'log'}, content=u'AMQP-apache:redhat:127')
Message(properties={u'action': u'sent', u'vendor': u'apache', u'message-vendor': u'apache', u'message-id': u'apache:vmware:128', u'opcode': u'log'}, content=u'AMQP-apache:vmware:128')
Message(properties={u'action': u'sent', u'vendor': u'apache', u'message-vendor': u'apache', u'message-id': u'apache:inetco:129', u'opcode': u'log'}, content=u'AMQP-apache:inetco:129')
Message(properties={u'action': u'sent', u'vendor': u'apache', u'message-vendor': u'apache', u'message-id': u'apache:apache:130', u'opcode': u'log'}, content=u'AMQP-apache:apache:130')
Message(properties={u'action': u'sent', u'vendor': u'apache', u'message-vendor': u'apache', u'message-id': u'apache:swiftmq:131', u'opcode': u'log'}, content=u'AMQP-apache:swiftmq:131')
Message(properties={u'action': u'sent', u'vendor': u'apache', u'message-vendor': u'apache', u'message-id': u'apache:microsoft:132', u'opcode': u'log'}, content=u'AMQP-apache:microsoft:132')
Message(properties={u'action': u'received', u'opcode': u'log', u'message-vendor': u'inetco', u'message-id': u'inetco:redhat:139', u'vendor': u'microsoft'})
Message(properties={u'action': u'received', u'opcode': u'log', u'message-vendor': u'inetco', u'message-id': u'inetco:apache:142', u'vendor': u'microsoft'})
Message(properties={u'action': u'received', u'opcode': u'log', u'message-vendor': u'microsoft', u'message-id': u'microsoft:inetco:147', u'vendor': u'microsoft'}, content=u'AMQP-microsoft:inetco:147')
Message(properties={u'action': u'sent', u'opcode': u'log', u'message-vendor': u'microsoft', u'message-id': u'microsoft:inetco:147', u'vendor': u'microsoft'}, content=u'AMQP-microsoft:inetco:147')
Message(properties={u'action': u'received', u'opcode': u'log', u'message-vendor': u'inetco', u'message-id': u'inetco:microsoft:144', u'vendor': u'microsoft'})
Message(properties={u'action': u'received', u'opcode': u'log', u'message-vendor': u'inetco', u'message-id': u'inetco:swiftmq:143', u'vendor': u'microsoft'})
Message(properties={u'action': u'received', u'opcode': u'log', u'message-vendor': u'microsoft', u'message-id': u'microsoft:apache:148', u'vendor': u'microsoft'}, content=u'AMQP-microsoft:apache:148')
Message(properties={u'action': u'sent', u'opcode': u'log', u'message-vendor': u'microsoft', u'message-id': u'microsoft:apache:148', u'vendor': u'microsoft'}, content=u'AMQP-microsoft:apache:148')
Message(properties={u'action': u'received', u'opcode': u'log', u'message-vendor': u'apache', u'message-id': u'apache:inetco:129', u'vendor': u'microsoft'}, content=u'AMQP-apache:inetco:129')
Message(properties={u'action': u'received', u'opcode': u'log', u'message-vendor': u'apache', u'message-id': u'apache:apache:130', u'vendor': u'microsoft'}, content=u'AMQP-apache:apache:130')
Message(properties={u'action': u'sent', u'opcode': u'log', u'message-vendor': u'microsoft', u'message-id': u'microsoft:vmware:146', u'vendor': u'microsoft'}, content=u'AMQP-microsoft:vmware:146')
Message(properties={u'action': u'received', u'opcode': u'log', u'message-vendor': u'microsoft', u'message-id': u'microsoft:vmware:146', u'vendor': u'microsoft'}, content=u'AMQP-microsoft:vmware:146')
Message(properties={u'action': u'sent', u'opcode': u'log', u'message-vendor': u'microsoft', u'message-id': u'microsoft:redhat:145', u'vendor': u'microsoft'}, content=u'AMQP-microsoft:redhat:145')
Message(properties={u'action': u'received', u'opcode': u'log', u'message-vendor': u'microsoft', u'message-id': u'microsoft:redhat:145', u'vendor': u'microsoft'}, content=u'AMQP-microsoft:redhat:145')
Message(properties={u'action': u'received', u'vendor': u'swiftmq', u'message-vendor': u'redhat', u'message-id': u'redhat:apache:64', u'opcode': u'log'}, durable=True, priority=5, first_acquirer=True, message_id=u'-7392920026101925575/1/14', to=u'control')
Message(properties={u'action': u'received', u'opcode': u'log', u'message-vendor': u'apache', u'message-id': u'apache:microsoft:132', u'vendor': u'microsoft'}, content=u'AMQP-apache:microsoft:132')
Message(properties={u'action': u'received', u'opcode': u'log', u'message-vendor': u'apache', u'message-id': u'apache:vmware:128', u'vendor': u'microsoft'}, content=u'AMQP-apache:vmware:128')
Message(properties={u'action': u'received', u'opcode': u'log', u'message-vendor': u'apache', u'message-id': u'apache:swiftmq:131', u'vendor': u'microsoft'}, content=u'AMQP-apache:swiftmq:131')
Message(properties={u'action': u'received', u'opcode': u'log', u'message-vendor': u'apache', u'message-id': u'apache:redhat:127', u'vendor': u'microsoft'}, content=u'AMQP-apache:redhat:127')
Message(properties={u'action': u'received', u'opcode': u'log', u'message-vendor': u'microsoft', u'message-id': u'microsoft:microsoft:150', u'vendor': u'microsoft'}, content=u'AMQP-microsoft:microsoft:150')
Message(properties={u'action': u'received', u'opcode': u'log', u'message-vendor': u'microsoft', u'message-id': u'microsoft:swiftmq:149', u'vendor': u'microsoft'}, content=u'AMQP-microsoft:swiftmq:149')
Message(properties={u'action': u'sent', u'opcode': u'log', u'message-vendor': u'microsoft', u'message-id': u'microsoft:microsoft:150', u'vendor': u'microsoft'}, content=u'AMQP-microsoft:microsoft:150')
Message(properties={u'action': u'sent', u'opcode': u'log', u'message-vendor': u'microsoft', u'message-id': u'microsoft:swiftmq:149', u'vendor': u'microsoft'}, content=u'AMQP-microsoft:swiftmq:149')
Message(properties={u'action': u'received', u'vendor': u'swiftmq', u'message-vendor': u'apache', u'message-id': u'apache:vmware:68', u'opcode': u'log'}, durable=True, priority=5, first_acquirer=True, message_id=u'-7392920026101925575/1/15', to=u'control')
Message(properties={u'action': u'received', u'vendor': u'swiftmq', u'message-vendor': u'inetco', u'message-id': u'inetco:vmware:80', u'opcode': u'log'}, durable=True, priority=5, first_acquirer=True, message_id=u'-7392920026101925575/1/16', to=u'control')
Message(properties={u'action': u'received', u'vendor': u'swiftmq', u'message-vendor': u'microsoft', u'message-id': u'microsoft:vmware:86', u'opcode': u'log'}, durable=True, priority=5, first_acquirer=True, message_id=u'-7392920026101925575/1/17', to=u'control')
Message(properties={u'action': u'received', u'vendor': u'swiftmq', u'message-vendor': u'apache', u'message-id': u'apache:swiftmq:71', u'opcode': u'log'}, durable=True, priority=5, first_acquirer=True, message_id=u'-7392920026101925575/1/18', to=u'control')
Message(properties={u'action': u'received', u'vendor': u'swiftmq', u'message-vendor': u'inetco', u'message-id': u'inetco:swiftmq:83', u'opcode': u'log'}, durable=True, priority=5, first_acquirer=True, message_id=u'-7392920026101925575/1/19', to=u'control')
Message(properties={u'action': u'received', u'vendor': u'swiftmq', u'message-vendor': u'microsoft', u'message-id': u'microsoft:swiftmq:89', u'opcode': u'log'}, durable=True, priority=5, first_acquirer=True, message_id=u'-7392920026101925575/1/20', to=u'control')
Message(properties={u'action': u'received', u'vendor': u'swiftmq', u'message-vendor': u'apache', u'message-id': u'apache:microsoft:72', u'opcode': u'log'}, durable=True, priority=5, first_acquirer=True, message_id=u'-7392920026101925575/1/21', to=u'control')
Message(properties={u'action': u'received', u'vendor': u'swiftmq', u'message-vendor': u'apache', u'message-id': u'apache:redhat:67', u'opcode': u'log'}, durable=True, priority=5, first_acquirer=True, message_id=u'-7392920026101925575/1/22', to=u'control')
Message(properties={u'action': u'received', u'vendor': u'swiftmq', u'message-vendor': u'inetco', u'message-id': u'inetco:redhat:79', u'opcode': u'log'}, durable=True, priority=5, first_acquirer=True, message_id=u'-7392920026101925575/1/23', to=u'control')
Message(properties={u'action': u'received', u'vendor': u'swiftmq', u'message-vendor': u'microsoft', u'message-id': u'microsoft:redhat:85', u'opcode': u'log'}, durable=True, priority=5, first_acquirer=True, message_id=u'-7392920026101925575/1/24', to=u'control')
Message(properties={u'action': u'received', u'vendor': u'swiftmq', u'message-vendor': u'inetco', u'message-id': u'inetco:inetco:81', u'opcode': u'log'}, durable=True, priority=5, first_acquirer=True, message_id=u'-7392920026101925575/1/25', to=u'control')
Message(properties={u'action': u'received', u'vendor': u'swiftmq', u'message-vendor': u'inetco', u'message-id': u'inetco:microsoft:84', u'opcode': u'log'}, durable=True, priority=5, first_acquirer=True, message_id=u'-7392920026101925575/1/26', to=u'control')
Message(properties={u'action': u'received', u'vendor': u'swiftmq', u'message-vendor': u'apache', u'message-id': u'apache:apache:70', u'opcode': u'log'}, durable=True, priority=5, first_acquirer=True, message_id=u'-7392920026101925575/1/27', to=u'control')
Message(properties={u'action': u'received', u'vendor': u'swiftmq', u'message-vendor': u'microsoft', u'message-id': u'microsoft:microsoft:90', u'opcode': u'log'}, durable=True, priority=5, first_acquirer=True, message_id=u'-7392920026101925575/1/28', to=u'control')
Message(properties={u'action': u'received', u'vendor': u'swiftmq', u'message-vendor': u'microsoft', u'message-id': u'microsoft:inetco:87', u'opcode': u'log'}, durable=True, priority=5, first_acquirer=True, message_id=u'-7392920026101925575/1/29', to=u'control')
Message(properties={u'action': u'received', u'vendor': u'swiftmq', u'message-vendor': u'inetco', u'message-id': u'inetco:apache:82', u'opcode': u'log'}, durable=True, priority=5, first_acquirer=True, message_id=u'-7392920026101925575/1/30', to=u'control')
Message(properties={u'action': u'received', u'vendor': u'swiftmq', u'message-vendor': u'microsoft', u'message-id': u'microsoft:apache:88', u'opcode': u'log'}, durable=True, priority=5, first_acquirer=True, message_id=u'-7392920026101925575/1/31', to=u'control')
